time="2018-03-12T14:16:28+08:00" level=info msg=111111111
time="2018-03-12T14:16:45+08:00" level=info msg=111111111
time="2018-03-12T14:16:50+08:00" level=info msg=111111111
time="2018-03-12T14:19:04+08:00" level=info msg=liuwei
time="2018-03-12T14:19:04+08:00" level=info msg=xuanyuan ab=cc
time="2018-03-12T14:19:04+08:00" level=info msg=111111111
time="2018-03-12T14:19:57+08:00" level=debug msg=---------------------------------------- MODULE=API
time="2018-03-12T14:19:57+08:00" level=debug msg="Request GET /getinfo" MODULE=API
time="2018-03-12T14:19:57+08:00" level=debug msg="Cache-Control[no-cache]" MODULE=API
time="2018-03-12T14:19:57+08:00" level=debug msg="Postman-Token[cb16ea4d-999a-4011-9767-9afa5f979ad7]" MODULE=API
time="2018-03-12T14:19:57+08:00" level=debug msg="User-Agent[PostmanRuntime/7.1.1]" MODULE=API
time="2018-03-12T14:19:57+08:00" level=debug msg="Accept[*/*]" MODULE=API
time="2018-03-12T14:19:57+08:00" level=debug msg="Cookie[journal=MTUyMDY4NDk3N3xOd3dBTkVzM1FUYzJWMHBaU2t0UFdFMUVVRkZNV1U5WFNEZE9XbFphTjBoWVZFaE9SbGxhU1ZoRFFWRTNWVk5HVDFWSFN6UTJSVkU9fLXL5h-Lhd8NZ253GRtaTxjTzqThG7Wf76aAt6Osv6sp]" MODULE=API
time="2018-03-12T14:19:57+08:00" level=debug msg="Accept-Encoding[gzip, deflate]" MODULE=API
time="2018-03-12T14:19:57+08:00" level=debug msg="Connection[keep-alive]" MODULE=API
time="2018-03-12T14:19:57+08:00" level=debug msg=---------------------------------------- MODULE=API
time="2018-03-12T14:19:57+08:00" level=debug msg=++++++++++++++++++++++++++++++++++++++++ MODULE=API
time="2018-03-12T14:19:57+08:00" level=debug msg="Response GET /getinfo" MODULE=API
time="2018-03-12T14:19:57+08:00" level=debug msg="Content-Type[application/json; charset=utf-8]" MODULE=API
time="2018-03-12T14:19:57+08:00" level=debug msg="{\"ret\":0,\"msg\":\"success\",\"data\":{\"ts\":\"1520835597\",\"user\":{\"id\":\"192443430310252544\",\"alias\":\"liuwei\",\"email\":\"4@qq.com\"}}}" MODULE=API
time="2018-03-12T14:19:57+08:00" level=debug msg=++++++++++++++++++++++++++++++++++++++++ MODULE=API
